2025-09-17T22:58:58.607060Z  INFO tailwindcss_oxide::scanner: Provided sources:
2025-09-17T22:58:58.638391Z  INFO tailwindcss_oxide::scanner: Source: PublicSourceEntry { base: "g:\\Brave Downloads\\SuperShop-main(rawan hossam)\\SuperShop-main", pattern: "**/*", negated: false }
2025-09-17T22:58:58.719529Z  INFO tailwindcss_oxide::scanner: Optimized sources:
2025-09-17T22:58:58.719601Z  INFO tailwindcss_oxide::scanner: Source: Auto { base: "G:\\Brave Downloads\\SuperShop-main(rawan hossam)\\SuperShop-main" }
2025-09-17T22:58:58.986732Z  INFO get_files: tailwindcss_oxide::scanner: enter
2025-09-17T22:58:58.986792Z  INFO get_files:scan_sources: tailwindcss_oxide::scanner: enter
2025-09-17T22:58:59.056287Z  INFO get_files:scan_sources: tailwindcss_oxide::scanner: Discovering "G:\\Brave Downloads\\SuperShop-main(rawan hossam)\\SuperShop-main\\.vscode"
2025-09-17T22:58:59.056885Z  INFO get_files:scan_sources: tailwindcss_oxide::scanner: Discovering "G:\\Brave Downloads\\SuperShop-main(rawan hossam)\\SuperShop-main\\.vscode\\settings.json"
2025-09-17T22:58:59.057050Z  INFO get_files:scan_sources: tailwindcss_oxide::scanner: Discovering "G:\\Brave Downloads\\SuperShop-main(rawan hossam)\\SuperShop-main\\components.json"
2025-09-17T22:58:59.057195Z  INFO get_files:scan_sources: tailwindcss_oxide::scanner: Discovering "G:\\Brave Downloads\\SuperShop-main(rawan hossam)\\SuperShop-main\\eslint.config.mjs"
2025-09-17T22:58:59.057341Z  INFO get_files:scan_sources: tailwindcss_oxide::scanner: Discovering "G:\\Brave Downloads\\SuperShop-main(rawan hossam)\\SuperShop-main\\next.config.ts"
2025-09-17T22:58:59.057822Z  INFO get_files:scan_sources: tailwindcss_oxide::scanner: Discovering "G:\\Brave Downloads\\SuperShop-main(rawan hossam)\\SuperShop-main\\package.json"
2025-09-17T22:58:59.057966Z  INFO get_files:scan_sources: tailwindcss_oxide::scanner: Discovering "G:\\Brave Downloads\\SuperShop-main(rawan hossam)\\SuperShop-main\\postcss.config.mjs"
2025-09-17T22:58:59.058214Z  INFO get_files:scan_sources: tailwindcss_oxide::scanner: Discovering "G:\\Brave Downloads\\SuperShop-main(rawan hossam)\\SuperShop-main\\public"
2025-09-17T22:58:59.058534Z  INFO get_files:scan_sources: tailwindcss_oxide::scanner: Discovering "G:\\Brave Downloads\\SuperShop-main(rawan hossam)\\SuperShop-main\\public\\download.svg"
2025-09-17T22:58:59.058678Z  INFO get_files:scan_sources: tailwindcss_oxide::scanner: Discovering "G:\\Brave Downloads\\SuperShop-main(rawan hossam)\\SuperShop-main\\public\\file.svg"
2025-09-17T22:58:59.058811Z  INFO get_files:scan_sources: tailwindcss_oxide::scanner: Discovering "G:\\Brave Downloads\\SuperShop-main(rawan hossam)\\SuperShop-main\\public\\globe.svg"
2025-09-17T22:58:59.058944Z  INFO get_files:scan_sources: tailwindcss_oxide::scanner: Discovering "G:\\Brave Downloads\\SuperShop-main(rawan hossam)\\SuperShop-main\\public\\next.svg"
2025-09-17T22:58:59.059182Z  INFO get_files:scan_sources: tailwindcss_oxide::scanner: Discovering "G:\\Brave Downloads\\SuperShop-main(rawan hossam)\\SuperShop-main\\public\\slider"
2025-09-17T22:58:59.059579Z  INFO get_files:scan_sources: tailwindcss_oxide::scanner: Discovering "G:\\Brave Downloads\\SuperShop-main(rawan hossam)\\SuperShop-main\\public\\vercel.svg"
2025-09-17T22:58:59.059713Z  INFO get_files:scan_sources: tailwindcss_oxide::scanner: Discovering "G:\\Brave Downloads\\SuperShop-main(rawan hossam)\\SuperShop-main\\public\\window.svg"
2025-09-17T22:58:59.059878Z  INFO get_files:scan_sources: tailwindcss_oxide::scanner: Discovering "G:\\Brave Downloads\\SuperShop-main(rawan hossam)\\SuperShop-main\\README.md"
2025-09-17T22:58:59.060127Z  INFO get_files:scan_sources: tailwindcss_oxide::scanner: Discovering "G:\\Brave Downloads\\SuperShop-main(rawan hossam)\\SuperShop-main\\src"
2025-09-17T22:58:59.060527Z  INFO get_files:scan_sources: tailwindcss_oxide::scanner: Discovering "G:\\Brave Downloads\\SuperShop-main(rawan hossam)\\SuperShop-main\\src\\app"
2025-09-17T22:58:59.060973Z  INFO get_files:scan_sources: tailwindcss_oxide::scanner: Discovering "G:\\Brave Downloads\\SuperShop-main(rawan hossam)\\SuperShop-main\\src\\app\\(auth)"
2025-09-17T22:58:59.061486Z  INFO get_files:scan_sources: tailwindcss_oxide::scanner: Discovering "G:\\Brave Downloads\\SuperShop-main(rawan hossam)\\SuperShop-main\\src\\app\\(auth)\\forgetpassword"
2025-09-17T22:58:59.061796Z  INFO get_files:scan_sources: tailwindcss_oxide::scanner: Discovering "G:\\Brave Downloads\\SuperShop-main(rawan hossam)\\SuperShop-main\\src\\app\\(auth)\\forgetpassword\\page.tsx"
2025-09-17T22:58:59.062056Z  INFO get_files:scan_sources: tailwindcss_oxide::scanner: Discovering "G:\\Brave Downloads\\SuperShop-main(rawan hossam)\\SuperShop-main\\src\\app\\(auth)\\register"
2025-09-17T22:58:59.062352Z  INFO get_files:scan_sources: tailwindcss_oxide::scanner: Discovering "G:\\Brave Downloads\\SuperShop-main(rawan hossam)\\SuperShop-main\\src\\app\\(auth)\\register\\page.tsx"
2025-09-17T22:58:59.062609Z  INFO get_files:scan_sources: tailwindcss_oxide::scanner: Discovering "G:\\Brave Downloads\\SuperShop-main(rawan hossam)\\SuperShop-main\\src\\app\\(auth)\\resetcode"
2025-09-17T22:58:59.062906Z  INFO get_files:scan_sources: tailwindcss_oxide::scanner: Discovering "G:\\Brave Downloads\\SuperShop-main(rawan hossam)\\SuperShop-main\\src\\app\\(auth)\\resetcode\\page.tsx"
2025-09-17T22:58:59.063160Z  INFO get_files:scan_sources: tailwindcss_oxide::scanner: Discovering "G:\\Brave Downloads\\SuperShop-main(rawan hossam)\\SuperShop-main\\src\\app\\(auth)\\resetpassword"
2025-09-17T22:58:59.063637Z  INFO get_files:scan_sources: tailwindcss_oxide::scanner: Discovering "G:\\Brave Downloads\\SuperShop-main(rawan hossam)\\SuperShop-main\\src\\app\\(auth)\\resetpassword\\page.tsx"
2025-09-17T22:58:59.063953Z  INFO get_files:scan_sources: tailwindcss_oxide::scanner: Discovering "G:\\Brave Downloads\\SuperShop-main(rawan hossam)\\SuperShop-main\\src\\app\\(auth)\\signin"
2025-09-17T22:58:59.064264Z  INFO get_files:scan_sources: tailwindcss_oxide::scanner: Discovering "G:\\Brave Downloads\\SuperShop-main(rawan hossam)\\SuperShop-main\\src\\app\\(auth)\\signin\\page.tsx"
2025-09-17T22:58:59.064572Z  INFO get_files:scan_sources: tailwindcss_oxide::scanner: Discovering "G:\\Brave Downloads\\SuperShop-main(rawan hossam)\\SuperShop-main\\src\\app\\actions"
2025-09-17T22:58:59.064898Z  INFO get_files:scan_sources: tailwindcss_oxide::scanner: Discovering "G:\\Brave Downloads\\SuperShop-main(rawan hossam)\\SuperShop-main\\src\\app\\actions\\brands.action.ts"
2025-09-17T22:58:59.065032Z  INFO get_files:scan_sources: tailwindcss_oxide::scanner: Discovering "G:\\Brave Downloads\\SuperShop-main(rawan hossam)\\SuperShop-main\\src\\app\\actions\\cart.action.ts"
2025-09-17T22:58:59.065166Z  INFO get_files:scan_sources: tailwindcss_oxide::scanner: Discovering "G:\\Brave Downloads\\SuperShop-main(rawan hossam)\\SuperShop-main\\src\\app\\actions\\categories.action.ts"
2025-09-17T22:58:59.065316Z  INFO get_files:scan_sources: tailwindcss_oxide::scanner: Discovering "G:\\Brave Downloads\\SuperShop-main(rawan hossam)\\SuperShop-main\\src\\app\\actions\\payment.action.ts"
2025-09-17T22:58:59.065451Z  INFO get_files:scan_sources: tailwindcss_oxide::scanner: Discovering "G:\\Brave Downloads\\SuperShop-main(rawan hossam)\\SuperShop-main\\src\\app\\actions\\products.action.ts"
2025-09-17T22:58:59.065595Z  INFO get_files:scan_sources: tailwindcss_oxide::scanner: Discovering "G:\\Brave Downloads\\SuperShop-main(rawan hossam)\\SuperShop-main\\src\\app\\actions\\wishlist.action.ts"
2025-09-17T22:58:59.065872Z  INFO get_files:scan_sources: tailwindcss_oxide::scanner: Discovering "G:\\Brave Downloads\\SuperShop-main(rawan hossam)\\SuperShop-main\\src\\app\\allorders"
2025-09-17T22:58:59.066216Z  INFO get_files:scan_sources: tailwindcss_oxide::scanner: Discovering "G:\\Brave Downloads\\SuperShop-main(rawan hossam)\\SuperShop-main\\src\\app\\allorders\\page.tsx"
2025-09-17T22:58:59.066478Z  INFO get_files:scan_sources: tailwindcss_oxide::scanner: Discovering "G:\\Brave Downloads\\SuperShop-main(rawan hossam)\\SuperShop-main\\src\\app\\api"
2025-09-17T22:58:59.067188Z  INFO get_files:scan_sources: tailwindcss_oxide::scanner: Discovering "G:\\Brave Downloads\\SuperShop-main(rawan hossam)\\SuperShop-main\\src\\app\\api\\auth"
2025-09-17T22:58:59.067897Z  INFO get_files:scan_sources: tailwindcss_oxide::scanner: Discovering "G:\\Brave Downloads\\SuperShop-main(rawan hossam)\\SuperShop-main\\src\\app\\api\\auth\\[...nextauth]"
2025-09-17T22:58:59.068474Z  INFO get_files:scan_sources: tailwindcss_oxide::scanner: Discovering "G:\\Brave Downloads\\SuperShop-main(rawan hossam)\\SuperShop-main\\src\\app\\api\\auth\\[...nextauth]\\route.ts"
2025-09-17T22:58:59.068922Z  INFO get_files:scan_sources: tailwindcss_oxide::scanner: Discovering "G:\\Brave Downloads\\SuperShop-main(rawan hossam)\\SuperShop-main\\src\\app\\brands"
2025-09-17T22:58:59.069335Z  INFO get_files:scan_sources: tailwindcss_oxide::scanner: Discovering "G:\\Brave Downloads\\SuperShop-main(rawan hossam)\\SuperShop-main\\src\\app\\brands\\page.tsx"
2025-09-17T22:58:59.069696Z  INFO get_files:scan_sources: tailwindcss_oxide::scanner: Discovering "G:\\Brave Downloads\\SuperShop-main(rawan hossam)\\SuperShop-main\\src\\app\\cart"
2025-09-17T22:58:59.070130Z  INFO get_files:scan_sources: tailwindcss_oxide::scanner: Discovering "G:\\Brave Downloads\\SuperShop-main(rawan hossam)\\SuperShop-main\\src\\app\\cart\\page.tsx"
2025-09-17T22:58:59.070485Z  INFO get_files:scan_sources: tailwindcss_oxide::scanner: Discovering "G:\\Brave Downloads\\SuperShop-main(rawan hossam)\\SuperShop-main\\src\\app\\categories"
2025-09-17T22:58:59.070912Z  INFO get_files:scan_sources: tailwindcss_oxide::scanner: Discovering "G:\\Brave Downloads\\SuperShop-main(rawan hossam)\\SuperShop-main\\src\\app\\categories\\page.tsx"
2025-09-17T22:58:59.071234Z  INFO get_files:scan_sources: tailwindcss_oxide::scanner: Discovering "G:\\Brave Downloads\\SuperShop-main(rawan hossam)\\SuperShop-main\\src\\app\\categories\\[id]"
2025-09-17T22:58:59.071643Z  INFO get_files:scan_sources: tailwindcss_oxide::scanner: Discovering "G:\\Brave Downloads\\SuperShop-main(rawan hossam)\\SuperShop-main\\src\\app\\categories\\[id]\\page.tsx"
2025-09-17T22:58:59.072023Z  INFO get_files:scan_sources: tailwindcss_oxide::scanner: Discovering "G:\\Brave Downloads\\SuperShop-main(rawan hossam)\\SuperShop-main\\src\\app\\checkout"
2025-09-17T22:58:59.072434Z  INFO get_files:scan_sources: tailwindcss_oxide::scanner: Discovering "G:\\Brave Downloads\\SuperShop-main(rawan hossam)\\SuperShop-main\\src\\app\\checkout\\page.tsx"
2025-09-17T22:58:59.072782Z  INFO get_files:scan_sources: tailwindcss_oxide::scanner: Discovering "G:\\Brave Downloads\\SuperShop-main(rawan hossam)\\SuperShop-main\\src\\app\\context"
2025-09-17T22:58:59.073237Z  INFO get_files:scan_sources: tailwindcss_oxide::scanner: Discovering "G:\\Brave Downloads\\SuperShop-main(rawan hossam)\\SuperShop-main\\src\\app\\context\\AuthProvider.tsx"
2025-09-17T22:58:59.073420Z  INFO get_files:scan_sources: tailwindcss_oxide::scanner: Discovering "G:\\Brave Downloads\\SuperShop-main(rawan hossam)\\SuperShop-main\\src\\app\\context\\CartProvider.tsx"
2025-09-17T22:58:59.073635Z  INFO get_files:scan_sources: tailwindcss_oxide::scanner: Discovering "G:\\Brave Downloads\\SuperShop-main(rawan hossam)\\SuperShop-main\\src\\app\\context\\WishlistProvider.tsx"
2025-09-17T22:58:59.073853Z  INFO get_files:scan_sources: tailwindcss_oxide::scanner: Discovering "G:\\Brave Downloads\\SuperShop-main(rawan hossam)\\SuperShop-main\\src\\app\\globals.css"
2025-09-17T22:58:59.074043Z  INFO get_files:scan_sources: tailwindcss_oxide::scanner: Discovering "G:\\Brave Downloads\\SuperShop-main(rawan hossam)\\SuperShop-main\\src\\app\\layout.tsx"
2025-09-17T22:58:59.074228Z  INFO get_files:scan_sources: tailwindcss_oxide::scanner: Discovering "G:\\Brave Downloads\\SuperShop-main(rawan hossam)\\SuperShop-main\\src\\app\\loading.tsx"
2025-09-17T22:58:59.074423Z  INFO get_files:scan_sources: tailwindcss_oxide::scanner: Discovering "G:\\Brave Downloads\\SuperShop-main(rawan hossam)\\SuperShop-main\\src\\app\\not-found.tsx"
2025-09-17T22:58:59.074598Z  INFO get_files:scan_sources: tailwindcss_oxide::scanner: Discovering "G:\\Brave Downloads\\SuperShop-main(rawan hossam)\\SuperShop-main\\src\\app\\page.tsx"
2025-09-17T22:58:59.074944Z  INFO get_files:scan_sources: tailwindcss_oxide::scanner: Discovering "G:\\Brave Downloads\\SuperShop-main(rawan hossam)\\SuperShop-main\\src\\app\\products"
2025-09-17T22:58:59.075392Z  INFO get_files:scan_sources: tailwindcss_oxide::scanner: Discovering "G:\\Brave Downloads\\SuperShop-main(rawan hossam)\\SuperShop-main\\src\\app\\products\\loading.tsx"
2025-09-17T22:58:59.075565Z  INFO get_files:scan_sources: tailwindcss_oxide::scanner: Discovering "G:\\Brave Downloads\\SuperShop-main(rawan hossam)\\SuperShop-main\\src\\app\\products\\page.tsx"
2025-09-17T22:58:59.075906Z  INFO get_files:scan_sources: tailwindcss_oxide::scanner: Discovering "G:\\Brave Downloads\\SuperShop-main(rawan hossam)\\SuperShop-main\\src\\app\\products\\[id]"
2025-09-17T22:58:59.076441Z  INFO get_files:scan_sources: tailwindcss_oxide::scanner: Discovering "G:\\Brave Downloads\\SuperShop-main(rawan hossam)\\SuperShop-main\\src\\app\\products\\[id]\\page.tsx"
2025-09-17T22:58:59.076924Z  INFO get_files:scan_sources: tailwindcss_oxide::scanner: Discovering "G:\\Brave Downloads\\SuperShop-main(rawan hossam)\\SuperShop-main\\src\\app\\types"
2025-09-17T22:58:59.077472Z  INFO get_files:scan_sources: tailwindcss_oxide::scanner: Discovering "G:\\Brave Downloads\\SuperShop-main(rawan hossam)\\SuperShop-main\\src\\app\\types\\brands.model.ts"
2025-09-17T22:58:59.077681Z  INFO get_files:scan_sources: tailwindcss_oxide::scanner: Discovering "G:\\Brave Downloads\\SuperShop-main(rawan hossam)\\SuperShop-main\\src\\app\\types\\cart.model.ts"
2025-09-17T22:58:59.077859Z  INFO get_files:scan_sources: tailwindcss_oxide::scanner: Discovering "G:\\Brave Downloads\\SuperShop-main(rawan hossam)\\SuperShop-main\\src\\app\\types\\category.model.ts"
2025-09-17T22:58:59.078037Z  INFO get_files:scan_sources: tailwindcss_oxide::scanner: Discovering "G:\\Brave Downloads\\SuperShop-main(rawan hossam)\\SuperShop-main\\src\\app\\types\\forgetpassword.model.ts"
2025-09-17T22:58:59.078216Z  INFO get_files:scan_sources: tailwindcss_oxide::scanner: Discovering "G:\\Brave Downloads\\SuperShop-main(rawan hossam)\\SuperShop-main\\src\\app\\types\\productDetails.model.ts"
2025-09-17T22:58:59.078396Z  INFO get_files:scan_sources: tailwindcss_oxide::scanner: Discovering "G:\\Brave Downloads\\SuperShop-main(rawan hossam)\\SuperShop-main\\src\\app\\types\\products.model.ts"
2025-09-17T22:58:59.078574Z  INFO get_files:scan_sources: tailwindcss_oxide::scanner: Discovering "G:\\Brave Downloads\\SuperShop-main(rawan hossam)\\SuperShop-main\\src\\app\\types\\wishlist.model.ts"
2025-09-17T22:58:59.078962Z  INFO get_files:scan_sources: tailwindcss_oxide::scanner: Discovering "G:\\Brave Downloads\\SuperShop-main(rawan hossam)\\SuperShop-main\\src\\app\\wishlist"
2025-09-17T22:58:59.079549Z  INFO get_files:scan_sources: tailwindcss_oxide::scanner: Discovering "G:\\Brave Downloads\\SuperShop-main(rawan hossam)\\SuperShop-main\\src\\app\\wishlist\\page.tsx"
2025-09-17T22:58:59.079984Z  INFO get_files:scan_sources: tailwindcss_oxide::scanner: Discovering "G:\\Brave Downloads\\SuperShop-main(rawan hossam)\\SuperShop-main\\src\\components"
2025-09-17T22:58:59.080783Z  INFO get_files:scan_sources: tailwindcss_oxide::scanner: Discovering "G:\\Brave Downloads\\SuperShop-main(rawan hossam)\\SuperShop-main\\src\\components\\brands-comps"
2025-09-17T22:58:59.081231Z  INFO get_files:scan_sources: tailwindcss_oxide::scanner: Discovering "G:\\Brave Downloads\\SuperShop-main(rawan hossam)\\SuperShop-main\\src\\components\\brands-comps\\BrandCard.tsx"
2025-09-17T22:58:59.081423Z  INFO get_files:scan_sources: tailwindcss_oxide::scanner: Discovering "G:\\Brave Downloads\\SuperShop-main(rawan hossam)\\SuperShop-main\\src\\components\\brands-comps\\BrandGridSystem.tsx"
2025-09-17T22:58:59.081800Z  INFO get_files:scan_sources: tailwindcss_oxide::scanner: Discovering "G:\\Brave Downloads\\SuperShop-main(rawan hossam)\\SuperShop-main\\src\\components\\cart-comps"
2025-09-17T22:58:59.082231Z  INFO get_files:scan_sources: tailwindcss_oxide::scanner: Discovering "G:\\Brave Downloads\\SuperShop-main(rawan hossam)\\SuperShop-main\\src\\components\\cart-comps\\TableCart.tsx"
2025-09-17T22:58:59.082674Z  INFO get_files:scan_sources: tailwindcss_oxide::scanner: Discovering "G:\\Brave Downloads\\SuperShop-main(rawan hossam)\\SuperShop-main\\src\\components\\categories-comps"
2025-09-17T22:58:59.083109Z  INFO get_files:scan_sources: tailwindcss_oxide::scanner: Discovering "G:\\Brave Downloads\\SuperShop-main(rawan hossam)\\SuperShop-main\\src\\components\\categories-comps\\CategoriesCard.tsx"
2025-09-17T22:58:59.083306Z  INFO get_files:scan_sources: tailwindcss_oxide::scanner: Discovering "G:\\Brave Downloads\\SuperShop-main(rawan hossam)\\SuperShop-main\\src\\components\\categories-comps\\CategoriesGridSystem.tsx"
2025-09-17T22:58:59.083693Z  INFO get_files:scan_sources: tailwindcss_oxide::scanner: Discovering "G:\\Brave Downloads\\SuperShop-main(rawan hossam)\\SuperShop-main\\src\\components\\footer"
2025-09-17T22:58:59.084152Z  INFO get_files:scan_sources: tailwindcss_oxide::scanner: Discovering "G:\\Brave Downloads\\SuperShop-main(rawan hossam)\\SuperShop-main\\src\\components\\footer\\Footer.tsx"
2025-09-17T22:58:59.084528Z  INFO get_files:scan_sources: tailwindcss_oxide::scanner: Discovering "G:\\Brave Downloads\\SuperShop-main(rawan hossam)\\SuperShop-main\\src\\components\\nav-comps"
2025-09-17T22:58:59.085001Z  INFO get_files:scan_sources: tailwindcss_oxide::scanner: Discovering "G:\\Brave Downloads\\SuperShop-main(rawan hossam)\\SuperShop-main\\src\\components\\nav-comps\\Navbar.tsx"
2025-09-17T22:58:59.085384Z  INFO get_files:scan_sources: tailwindcss_oxide::scanner: Discovering "G:\\Brave Downloads\\SuperShop-main(rawan hossam)\\SuperShop-main\\src\\components\\products-comps"
2025-09-17T22:58:59.085857Z  INFO get_files:scan_sources: tailwindcss_oxide::scanner: Discovering "G:\\Brave Downloads\\SuperShop-main(rawan hossam)\\SuperShop-main\\src\\components\\products-comps\\ProductCard.tsx"
2025-09-17T22:58:59.086017Z  INFO get_files:scan_sources: tailwindcss_oxide::scanner: Discovering "G:\\Brave Downloads\\SuperShop-main(rawan hossam)\\SuperShop-main\\src\\components\\products-comps\\ProductDetailsComps.tsx"
2025-09-17T22:58:59.086152Z  INFO get_files:scan_sources: tailwindcss_oxide::scanner: Discovering "G:\\Brave Downloads\\SuperShop-main(rawan hossam)\\SuperShop-main\\src\\components\\products-comps\\ProductsGridSystem.tsx"
2025-09-17T22:58:59.086441Z  INFO get_files:scan_sources: tailwindcss_oxide::scanner: Discovering "G:\\Brave Downloads\\SuperShop-main(rawan hossam)\\SuperShop-main\\src\\components\\slider-comps"
2025-09-17T22:58:59.086742Z  INFO get_files:scan_sources: tailwindcss_oxide::scanner: Discovering "G:\\Brave Downloads\\SuperShop-main(rawan hossam)\\SuperShop-main\\src\\components\\slider-comps\\CategoriesSliderComps.tsx"
2025-09-17T22:58:59.086910Z  INFO get_files:scan_sources: tailwindcss_oxide::scanner: Discovering "G:\\Brave Downloads\\SuperShop-main(rawan hossam)\\SuperShop-main\\src\\components\\slider-comps\\MainSlider.tsx"
2025-09-17T22:58:59.087191Z  INFO get_files:scan_sources: tailwindcss_oxide::scanner: Discovering "G:\\Brave Downloads\\SuperShop-main(rawan hossam)\\SuperShop-main\\src\\components\\ui"
2025-09-17T22:58:59.087502Z  INFO get_files:scan_sources: tailwindcss_oxide::scanner: Discovering "G:\\Brave Downloads\\SuperShop-main(rawan hossam)\\SuperShop-main\\src\\components\\ui\\badge.tsx"
2025-09-17T22:58:59.087638Z  INFO get_files:scan_sources: tailwindcss_oxide::scanner: Discovering "G:\\Brave Downloads\\SuperShop-main(rawan hossam)\\SuperShop-main\\src\\components\\ui\\button.tsx"
2025-09-17T22:58:59.087769Z  INFO get_files:scan_sources: tailwindcss_oxide::scanner: Discovering "G:\\Brave Downloads\\SuperShop-main(rawan hossam)\\SuperShop-main\\src\\components\\ui\\card.tsx"
2025-09-17T22:58:59.087901Z  INFO get_files:scan_sources: tailwindcss_oxide::scanner: Discovering "G:\\Brave Downloads\\SuperShop-main(rawan hossam)\\SuperShop-main\\src\\components\\ui\\hover-card.tsx"
2025-09-17T22:58:59.088054Z  INFO get_files:scan_sources: tailwindcss_oxide::scanner: Discovering "G:\\Brave Downloads\\SuperShop-main(rawan hossam)\\SuperShop-main\\src\\components\\ui\\input-otp.tsx"
2025-09-17T22:58:59.088198Z  INFO get_files:scan_sources: tailwindcss_oxide::scanner: Discovering "G:\\Brave Downloads\\SuperShop-main(rawan hossam)\\SuperShop-main\\src\\components\\ui\\input.tsx"
2025-09-17T22:58:59.088329Z  INFO get_files:scan_sources: tailwindcss_oxide::scanner: Discovering "G:\\Brave Downloads\\SuperShop-main(rawan hossam)\\SuperShop-main\\src\\components\\ui\\label.tsx"
2025-09-17T22:58:59.088459Z  INFO get_files:scan_sources: tailwindcss_oxide::scanner: Discovering "G:\\Brave Downloads\\SuperShop-main(rawan hossam)\\SuperShop-main\\src\\components\\ui\\navigation-menu.tsx"
2025-09-17T22:58:59.088586Z  INFO get_files:scan_sources: tailwindcss_oxide::scanner: Discovering "G:\\Brave Downloads\\SuperShop-main(rawan hossam)\\SuperShop-main\\src\\components\\ui\\radio-group.tsx"
2025-09-17T22:58:59.088714Z  INFO get_files:scan_sources: tailwindcss_oxide::scanner: Discovering "G:\\Brave Downloads\\SuperShop-main(rawan hossam)\\SuperShop-main\\src\\components\\ui\\table.tsx"
2025-09-17T22:58:59.088976Z  INFO get_files:scan_sources: tailwindcss_oxide::scanner: Discovering "G:\\Brave Downloads\\SuperShop-main(rawan hossam)\\SuperShop-main\\src\\components\\wishlist-comps"
2025-09-17T22:58:59.089271Z  INFO get_files:scan_sources: tailwindcss_oxide::scanner: Discovering "G:\\Brave Downloads\\SuperShop-main(rawan hossam)\\SuperShop-main\\src\\components\\wishlist-comps\\TableWishlist.tsx"
2025-09-17T22:58:59.089400Z  INFO get_files:scan_sources: tailwindcss_oxide::scanner: Discovering "G:\\Brave Downloads\\SuperShop-main(rawan hossam)\\SuperShop-main\\src\\components\\wishlist-comps\\WishlistCard.tsx"
2025-09-17T22:58:59.089693Z  INFO get_files:scan_sources: tailwindcss_oxide::scanner: Discovering "G:\\Brave Downloads\\SuperShop-main(rawan hossam)\\SuperShop-main\\src\\lib"
2025-09-17T22:58:59.089986Z  INFO get_files:scan_sources: tailwindcss_oxide::scanner: Discovering "G:\\Brave Downloads\\SuperShop-main(rawan hossam)\\SuperShop-main\\src\\lib\\tokenutils.ts"
2025-09-17T22:58:59.090116Z  INFO get_files:scan_sources: tailwindcss_oxide::scanner: Discovering "G:\\Brave Downloads\\SuperShop-main(rawan hossam)\\SuperShop-main\\src\\lib\\utils.ts"
2025-09-17T22:58:59.090266Z  INFO get_files:scan_sources: tailwindcss_oxide::scanner: Discovering "G:\\Brave Downloads\\SuperShop-main(rawan hossam)\\SuperShop-main\\src\\middleware.ts"
2025-09-17T22:58:59.090456Z  INFO get_files:scan_sources: tailwindcss_oxide::scanner: Discovering "G:\\Brave Downloads\\SuperShop-main(rawan hossam)\\SuperShop-main\\tsconfig.json"
2025-09-17T22:58:59.143184Z  INFO get_files:scan_sources: tailwindcss_oxide::scanner: exit
2025-09-17T22:58:59.179084Z  INFO get_files: tailwindcss_oxide::scanner: exit
2025-09-17T22:58:59.223406Z  INFO get_globs: tailwindcss_oxide::scanner: enter
2025-09-17T22:58:59.223434Z  INFO get_globs:scan_sources: tailwindcss_oxide::scanner: enter
2025-09-17T22:58:59.226358Z  INFO get_globs:scan_sources: tailwindcss_oxide::scanner: Discovering "G:\\Brave Downloads\\SuperShop-main(rawan hossam)\\SuperShop-main\\.vscode"
2025-09-17T22:58:59.227557Z  INFO get_globs:scan_sources: tailwindcss_oxide::scanner: Discovering "G:\\Brave Downloads\\SuperShop-main(rawan hossam)\\SuperShop-main\\public"
2025-09-17T22:58:59.228250Z  INFO get_globs:scan_sources: tailwindcss_oxide::scanner: Discovering "G:\\Brave Downloads\\SuperShop-main(rawan hossam)\\SuperShop-main\\public\\slider"
2025-09-17T22:58:59.228968Z  INFO get_globs:scan_sources: tailwindcss_oxide::scanner: Discovering "G:\\Brave Downloads\\SuperShop-main(rawan hossam)\\SuperShop-main\\src"
2025-09-17T22:58:59.229347Z  INFO get_globs:scan_sources: tailwindcss_oxide::scanner: Discovering "G:\\Brave Downloads\\SuperShop-main(rawan hossam)\\SuperShop-main\\src\\app"
2025-09-17T22:58:59.229735Z  INFO get_globs:scan_sources: tailwindcss_oxide::scanner: Discovering "G:\\Brave Downloads\\SuperShop-main(rawan hossam)\\SuperShop-main\\src\\app\\(auth)"
2025-09-17T22:58:59.230140Z  INFO get_globs:scan_sources: tailwindcss_oxide::scanner: Discovering "G:\\Brave Downloads\\SuperShop-main(rawan hossam)\\SuperShop-main\\src\\app\\(auth)\\forgetpassword"
2025-09-17T22:58:59.230681Z  INFO get_globs:scan_sources: tailwindcss_oxide::scanner: Discovering "G:\\Brave Downloads\\SuperShop-main(rawan hossam)\\SuperShop-main\\src\\app\\(auth)\\register"
2025-09-17T22:58:59.231163Z  INFO get_globs:scan_sources: tailwindcss_oxide::scanner: Discovering "G:\\Brave Downloads\\SuperShop-main(rawan hossam)\\SuperShop-main\\src\\app\\(auth)\\resetcode"
2025-09-17T22:58:59.231704Z  INFO get_globs:scan_sources: tailwindcss_oxide::scanner: Discovering "G:\\Brave Downloads\\SuperShop-main(rawan hossam)\\SuperShop-main\\src\\app\\(auth)\\resetpassword"
2025-09-17T22:58:59.232182Z  INFO get_globs:scan_sources: tailwindcss_oxide::scanner: Discovering "G:\\Brave Downloads\\SuperShop-main(rawan hossam)\\SuperShop-main\\src\\app\\(auth)\\signin"
2025-09-17T22:58:59.232690Z  INFO get_globs:scan_sources: tailwindcss_oxide::scanner: Discovering "G:\\Brave Downloads\\SuperShop-main(rawan hossam)\\SuperShop-main\\src\\app\\actions"
2025-09-17T22:58:59.233505Z  INFO get_globs:scan_sources: tailwindcss_oxide::scanner: Discovering "G:\\Brave Downloads\\SuperShop-main(rawan hossam)\\SuperShop-main\\src\\app\\allorders"
2025-09-17T22:58:59.234030Z  INFO get_globs:scan_sources: tailwindcss_oxide::scanner: Discovering "G:\\Brave Downloads\\SuperShop-main(rawan hossam)\\SuperShop-main\\src\\app\\api"
2025-09-17T22:58:59.234404Z  INFO get_globs:scan_sources: tailwindcss_oxide::scanner: Discovering "G:\\Brave Downloads\\SuperShop-main(rawan hossam)\\SuperShop-main\\src\\app\\api\\auth"
2025-09-17T22:58:59.234782Z  INFO get_globs:scan_sources: tailwindcss_oxide::scanner: Discovering "G:\\Brave Downloads\\SuperShop-main(rawan hossam)\\SuperShop-main\\src\\app\\api\\auth\\[...nextauth]"
2025-09-17T22:58:59.235307Z  INFO get_globs:scan_sources: tailwindcss_oxide::scanner: Discovering "G:\\Brave Downloads\\SuperShop-main(rawan hossam)\\SuperShop-main\\src\\app\\brands"
2025-09-17T22:58:59.235789Z  INFO get_globs:scan_sources: tailwindcss_oxide::scanner: Discovering "G:\\Brave Downloads\\SuperShop-main(rawan hossam)\\SuperShop-main\\src\\app\\cart"
2025-09-17T22:58:59.236317Z  INFO get_globs:scan_sources: tailwindcss_oxide::scanner: Discovering "G:\\Brave Downloads\\SuperShop-main(rawan hossam)\\SuperShop-main\\src\\app\\categories"
2025-09-17T22:58:59.236920Z  INFO get_globs:scan_sources: tailwindcss_oxide::scanner: Discovering "G:\\Brave Downloads\\SuperShop-main(rawan hossam)\\SuperShop-main\\src\\app\\categories\\[id]"
2025-09-17T22:58:59.237538Z  INFO get_globs:scan_sources: tailwindcss_oxide::scanner: Discovering "G:\\Brave Downloads\\SuperShop-main(rawan hossam)\\SuperShop-main\\src\\app\\checkout"
2025-09-17T22:58:59.238148Z  INFO get_globs:scan_sources: tailwindcss_oxide::scanner: Discovering "G:\\Brave Downloads\\SuperShop-main(rawan hossam)\\SuperShop-main\\src\\app\\context"
2025-09-17T22:58:59.239147Z  INFO get_globs:scan_sources: tailwindcss_oxide::scanner: Discovering "G:\\Brave Downloads\\SuperShop-main(rawan hossam)\\SuperShop-main\\src\\app\\products"
2025-09-17T22:58:59.239651Z  INFO get_globs:scan_sources: tailwindcss_oxide::scanner: Discovering "G:\\Brave Downloads\\SuperShop-main(rawan hossam)\\SuperShop-main\\src\\app\\products\\[id]"
2025-09-17T22:58:59.240149Z  INFO get_globs:scan_sources: tailwindcss_oxide::scanner: Discovering "G:\\Brave Downloads\\SuperShop-main(rawan hossam)\\SuperShop-main\\src\\app\\types"
2025-09-17T22:58:59.241016Z  INFO get_globs:scan_sources: tailwindcss_oxide::scanner: Discovering "G:\\Brave Downloads\\SuperShop-main(rawan hossam)\\SuperShop-main\\src\\app\\wishlist"
2025-09-17T22:58:59.241496Z  INFO get_globs:scan_sources: tailwindcss_oxide::scanner: Discovering "G:\\Brave Downloads\\SuperShop-main(rawan hossam)\\SuperShop-main\\src\\components"
2025-09-17T22:58:59.241905Z  INFO get_globs:scan_sources: tailwindcss_oxide::scanner: Discovering "G:\\Brave Downloads\\SuperShop-main(rawan hossam)\\SuperShop-main\\src\\components\\brands-comps"
2025-09-17T22:58:59.242561Z  INFO get_globs:scan_sources: tailwindcss_oxide::scanner: Discovering "G:\\Brave Downloads\\SuperShop-main(rawan hossam)\\SuperShop-main\\src\\components\\cart-comps"
2025-09-17T22:58:59.243046Z  INFO get_globs:scan_sources: tailwindcss_oxide::scanner: Discovering "G:\\Brave Downloads\\SuperShop-main(rawan hossam)\\SuperShop-main\\src\\components\\categories-comps"
2025-09-17T22:58:59.243731Z  INFO get_globs:scan_sources: tailwindcss_oxide::scanner: Discovering "G:\\Brave Downloads\\SuperShop-main(rawan hossam)\\SuperShop-main\\src\\components\\footer"
2025-09-17T22:58:59.244239Z  INFO get_globs:scan_sources: tailwindcss_oxide::scanner: Discovering "G:\\Brave Downloads\\SuperShop-main(rawan hossam)\\SuperShop-main\\src\\components\\nav-comps"
2025-09-17T22:58:59.244711Z  INFO get_globs:scan_sources: tailwindcss_oxide::scanner: Discovering "G:\\Brave Downloads\\SuperShop-main(rawan hossam)\\SuperShop-main\\src\\components\\products-comps"
2025-09-17T22:58:59.245337Z  INFO get_globs:scan_sources: tailwindcss_oxide::scanner: Discovering "G:\\Brave Downloads\\SuperShop-main(rawan hossam)\\SuperShop-main\\src\\components\\slider-comps"
2025-09-17T22:58:59.245932Z  INFO get_globs:scan_sources: tailwindcss_oxide::scanner: Discovering "G:\\Brave Downloads\\SuperShop-main(rawan hossam)\\SuperShop-main\\src\\components\\ui"
2025-09-17T22:58:59.247016Z  INFO get_globs:scan_sources: tailwindcss_oxide::scanner: Discovering "G:\\Brave Downloads\\SuperShop-main(rawan hossam)\\SuperShop-main\\src\\components\\wishlist-comps"
2025-09-17T22:58:59.247582Z  INFO get_globs:scan_sources: tailwindcss_oxide::scanner: Discovering "G:\\Brave Downloads\\SuperShop-main(rawan hossam)\\SuperShop-main\\src\\lib"
2025-09-17T22:58:59.248205Z  INFO get_globs:scan_sources: tailwindcss_oxide::scanner: exit
2025-09-17T22:58:59.265234Z  INFO get_globs: tailwindcss_oxide::scanner: exit
2025-09-17T22:58:59.580765Z  INFO tailwindcss_oxide::scanner: Provided sources:
2025-09-17T22:58:59.580792Z  INFO tailwindcss_oxide::scanner: Source: PublicSourceEntry { base: "g:\\Brave Downloads\\SuperShop-main(rawan hossam)\\SuperShop-main", pattern: "**/*", negated: false }
2025-09-17T22:58:59.580953Z  INFO tailwindcss_oxide::scanner: Optimized sources:
2025-09-17T22:58:59.580961Z  INFO tailwindcss_oxide::scanner: Source: Auto { base: "G:\\Brave Downloads\\SuperShop-main(rawan hossam)\\SuperShop-main" }
2025-09-17T22:58:59.581062Z  INFO get_files: tailwindcss_oxide::scanner: enter
2025-09-17T22:58:59.581070Z  INFO get_files:scan_sources: tailwindcss_oxide::scanner: enter
2025-09-17T22:58:59.583835Z  INFO get_files:scan_sources: tailwindcss_oxide::scanner: Discovering "G:\\Brave Downloads\\SuperShop-main(rawan hossam)\\SuperShop-main\\.vscode"
2025-09-17T22:58:59.584142Z  INFO get_files:scan_sources: tailwindcss_oxide::scanner: Discovering "G:\\Brave Downloads\\SuperShop-main(rawan hossam)\\SuperShop-main\\.vscode\\settings.json"
2025-09-17T22:58:59.584314Z  INFO get_files:scan_sources: tailwindcss_oxide::scanner: Discovering "G:\\Brave Downloads\\SuperShop-main(rawan hossam)\\SuperShop-main\\components.json"
2025-09-17T22:58:59.584455Z  INFO get_files:scan_sources: tailwindcss_oxide::scanner: Discovering "G:\\Brave Downloads\\SuperShop-main(rawan hossam)\\SuperShop-main\\eslint.config.mjs"
2025-09-17T22:58:59.584598Z  INFO get_files:scan_sources: tailwindcss_oxide::scanner: Discovering "G:\\Brave Downloads\\SuperShop-main(rawan hossam)\\SuperShop-main\\next.config.ts"
2025-09-17T22:58:59.585077Z  INFO get_files:scan_sources: tailwindcss_oxide::scanner: Discovering "G:\\Brave Downloads\\SuperShop-main(rawan hossam)\\SuperShop-main\\package.json"
2025-09-17T22:58:59.585218Z  INFO get_files:scan_sources: tailwindcss_oxide::scanner: Discovering "G:\\Brave Downloads\\SuperShop-main(rawan hossam)\\SuperShop-main\\postcss.config.mjs"
2025-09-17T22:58:59.585460Z  INFO get_files:scan_sources: tailwindcss_oxide::scanner: Discovering "G:\\Brave Downloads\\SuperShop-main(rawan hossam)\\SuperShop-main\\public"
2025-09-17T22:58:59.585824Z  INFO get_files:scan_sources: tailwindcss_oxide::scanner: Discovering "G:\\Brave Downloads\\SuperShop-main(rawan hossam)\\SuperShop-main\\public\\download.svg"
2025-09-17T22:58:59.585975Z  INFO get_files:scan_sources: tailwindcss_oxide::scanner: Discovering "G:\\Brave Downloads\\SuperShop-main(rawan hossam)\\SuperShop-main\\public\\file.svg"
2025-09-17T22:58:59.586109Z  INFO get_files:scan_sources: tailwindcss_oxide::scanner: Discovering "G:\\Brave Downloads\\SuperShop-main(rawan hossam)\\SuperShop-main\\public\\globe.svg"
2025-09-17T22:58:59.586244Z  INFO get_files:scan_sources: tailwindcss_oxide::scanner: Discovering "G:\\Brave Downloads\\SuperShop-main(rawan hossam)\\SuperShop-main\\public\\next.svg"
2025-09-17T22:58:59.586481Z  INFO get_files:scan_sources: tailwindcss_oxide::scanner: Discovering "G:\\Brave Downloads\\SuperShop-main(rawan hossam)\\SuperShop-main\\public\\slider"
2025-09-17T22:58:59.586893Z  INFO get_files:scan_sources: tailwindcss_oxide::scanner: Discovering "G:\\Brave Downloads\\SuperShop-main(rawan hossam)\\SuperShop-main\\public\\vercel.svg"
2025-09-17T22:58:59.587032Z  INFO get_files:scan_sources: tailwindcss_oxide::scanner: Discovering "G:\\Brave Downloads\\SuperShop-main(rawan hossam)\\SuperShop-main\\public\\window.svg"
2025-09-17T22:58:59.587188Z  INFO get_files:scan_sources: tailwindcss_oxide::scanner: Discovering "G:\\Brave Downloads\\SuperShop-main(rawan hossam)\\SuperShop-main\\README.md"
2025-09-17T22:58:59.587598Z  INFO get_files:scan_sources: tailwindcss_oxide::scanner: Discovering "G:\\Brave Downloads\\SuperShop-main(rawan hossam)\\SuperShop-main\\src"
2025-09-17T22:58:59.588036Z  INFO get_files:scan_sources: tailwindcss_oxide::scanner: Discovering "G:\\Brave Downloads\\SuperShop-main(rawan hossam)\\SuperShop-main\\src\\app"
2025-09-17T22:58:59.588472Z  INFO get_files:scan_sources: tailwindcss_oxide::scanner: Discovering "G:\\Brave Downloads\\SuperShop-main(rawan hossam)\\SuperShop-main\\src\\app\\(auth)"
2025-09-17T22:58:59.588917Z  INFO get_files:scan_sources: tailwindcss_oxide::scanner: Discovering "G:\\Brave Downloads\\SuperShop-main(rawan hossam)\\SuperShop-main\\src\\app\\(auth)\\forgetpassword"
2025-09-17T22:58:59.589226Z  INFO get_files:scan_sources: tailwindcss_oxide::scanner: Discovering "G:\\Brave Downloads\\SuperShop-main(rawan hossam)\\SuperShop-main\\src\\app\\(auth)\\forgetpassword\\page.tsx"
2025-09-17T22:58:59.589503Z  INFO get_files:scan_sources: tailwindcss_oxide::scanner: Discovering "G:\\Brave Downloads\\SuperShop-main(rawan hossam)\\SuperShop-main\\src\\app\\(auth)\\register"
2025-09-17T22:58:59.589800Z  INFO get_files:scan_sources: tailwindcss_oxide::scanner: Discovering "G:\\Brave Downloads\\SuperShop-main(rawan hossam)\\SuperShop-main\\src\\app\\(auth)\\register\\page.tsx"
2025-09-17T22:58:59.590060Z  INFO get_files:scan_sources: tailwindcss_oxide::scanner: Discovering "G:\\Brave Downloads\\SuperShop-main(rawan hossam)\\SuperShop-main\\src\\app\\(auth)\\resetcode"
2025-09-17T22:58:59.590364Z  INFO get_files:scan_sources: tailwindcss_oxide::scanner: Discovering "G:\\Brave Downloads\\SuperShop-main(rawan hossam)\\SuperShop-main\\src\\app\\(auth)\\resetcode\\page.tsx"
2025-09-17T22:58:59.590616Z  INFO get_files:scan_sources: tailwindcss_oxide::scanner: Discovering "G:\\Brave Downloads\\SuperShop-main(rawan hossam)\\SuperShop-main\\src\\app\\(auth)\\resetpassword"
2025-09-17T22:58:59.590920Z  INFO get_files:scan_sources: tailwindcss_oxide::scanner: Discovering "G:\\Brave Downloads\\SuperShop-main(rawan hossam)\\SuperShop-main\\src\\app\\(auth)\\resetpassword\\page.tsx"
2025-09-17T22:58:59.591218Z  INFO get_files:scan_sources: tailwindcss_oxide::scanner: Discovering "G:\\Brave Downloads\\SuperShop-main(rawan hossam)\\SuperShop-main\\src\\app\\(auth)\\signin"
2025-09-17T22:58:59.591526Z  INFO get_files:scan_sources: tailwindcss_oxide::scanner: Discovering "G:\\Brave Downloads\\SuperShop-main(rawan hossam)\\SuperShop-main\\src\\app\\(auth)\\signin\\page.tsx"
2025-09-17T22:58:59.591870Z  INFO get_files:scan_sources: tailwindcss_oxide::scanner: Discovering "G:\\Brave Downloads\\SuperShop-main(rawan hossam)\\SuperShop-main\\src\\app\\actions"
2025-09-17T22:58:59.592280Z  INFO get_files:scan_sources: tailwindcss_oxide::scanner: Discovering "G:\\Brave Downloads\\SuperShop-main(rawan hossam)\\SuperShop-main\\src\\app\\actions\\brands.action.ts"
2025-09-17T22:58:59.592465Z  INFO get_files:scan_sources: tailwindcss_oxide::scanner: Discovering "G:\\Brave Downloads\\SuperShop-main(rawan hossam)\\SuperShop-main\\src\\app\\actions\\cart.action.ts"
2025-09-17T22:58:59.592646Z  INFO get_files:scan_sources: tailwindcss_oxide::scanner: Discovering "G:\\Brave Downloads\\SuperShop-main(rawan hossam)\\SuperShop-main\\src\\app\\actions\\categories.action.ts"
2025-09-17T22:58:59.592853Z  INFO get_files:scan_sources: tailwindcss_oxide::scanner: Discovering "G:\\Brave Downloads\\SuperShop-main(rawan hossam)\\SuperShop-main\\src\\app\\actions\\payment.action.ts"
2025-09-17T22:58:59.592991Z  INFO get_files:scan_sources: tailwindcss_oxide::scanner: Discovering "G:\\Brave Downloads\\SuperShop-main(rawan hossam)\\SuperShop-main\\src\\app\\actions\\products.action.ts"
2025-09-17T22:58:59.593122Z  INFO get_files:scan_sources: tailwindcss_oxide::scanner: Discovering "G:\\Brave Downloads\\SuperShop-main(rawan hossam)\\SuperShop-main\\src\\app\\actions\\wishlist.action.ts"
2025-09-17T22:58:59.593386Z  INFO get_files:scan_sources: tailwindcss_oxide::scanner: Discovering "G:\\Brave Downloads\\SuperShop-main(rawan hossam)\\SuperShop-main\\src\\app\\allorders"
2025-09-17T22:58:59.593707Z  INFO get_files:scan_sources: tailwindcss_oxide::scanner: Discovering "G:\\Brave Downloads\\SuperShop-main(rawan hossam)\\SuperShop-main\\src\\app\\allorders\\page.tsx"
2025-09-17T22:58:59.594027Z  INFO get_files:scan_sources: tailwindcss_oxide::scanner: Discovering "G:\\Brave Downloads\\SuperShop-main(rawan hossam)\\SuperShop-main\\src\\app\\api"
2025-09-17T22:58:59.594431Z  INFO get_files:scan_sources: tailwindcss_oxide::scanner: Discovering "G:\\Brave Downloads\\SuperShop-main(rawan hossam)\\SuperShop-main\\src\\app\\api\\auth"
2025-09-17T22:58:59.594871Z  INFO get_files:scan_sources: tailwindcss_oxide::scanner: Discovering "G:\\Brave Downloads\\SuperShop-main(rawan hossam)\\SuperShop-main\\src\\app\\api\\auth\\[...nextauth]"
2025-09-17T22:58:59.595246Z  INFO get_files:scan_sources: tailwindcss_oxide::scanner: Discovering "G:\\Brave Downloads\\SuperShop-main(rawan hossam)\\SuperShop-main\\src\\app\\api\\auth\\[...nextauth]\\route.ts"
2025-09-17T22:58:59.595657Z  INFO get_files:scan_sources: tailwindcss_oxide::scanner: Discovering "G:\\Brave Downloads\\SuperShop-main(rawan hossam)\\SuperShop-main\\src\\app\\brands"
2025-09-17T22:58:59.596021Z  INFO get_files:scan_sources: tailwindcss_oxide::scanner: Discovering "G:\\Brave Downloads\\SuperShop-main(rawan hossam)\\SuperShop-main\\src\\app\\brands\\page.tsx"
2025-09-17T22:58:59.596362Z  INFO get_files:scan_sources: tailwindcss_oxide::scanner: Discovering "G:\\Brave Downloads\\SuperShop-main(rawan hossam)\\SuperShop-main\\src\\app\\cart"
2025-09-17T22:58:59.596743Z  INFO get_files:scan_sources: tailwindcss_oxide::scanner: Discovering "G:\\Brave Downloads\\SuperShop-main(rawan hossam)\\SuperShop-main\\src\\app\\cart\\page.tsx"
2025-09-17T22:58:59.597009Z  INFO get_files:scan_sources: tailwindcss_oxide::scanner: Discovering "G:\\Brave Downloads\\SuperShop-main(rawan hossam)\\SuperShop-main\\src\\app\\categories"
2025-09-17T22:58:59.597336Z  INFO get_files:scan_sources: tailwindcss_oxide::scanner: Discovering "G:\\Brave Downloads\\SuperShop-main(rawan hossam)\\SuperShop-main\\src\\app\\categories\\page.tsx"
2025-09-17T22:58:59.597575Z  INFO get_files:scan_sources: tailwindcss_oxide::scanner: Discovering "G:\\Brave Downloads\\SuperShop-main(rawan hossam)\\SuperShop-main\\src\\app\\categories\\[id]"
2025-09-17T22:58:59.597877Z  INFO get_files:scan_sources: tailwindcss_oxide::scanner: Discovering "G:\\Brave Downloads\\SuperShop-main(rawan hossam)\\SuperShop-main\\src\\app\\categories\\[id]\\page.tsx"
2025-09-17T22:58:59.598268Z  INFO get_files:scan_sources: tailwindcss_oxide::scanner: Discovering "G:\\Brave Downloads\\SuperShop-main(rawan hossam)\\SuperShop-main\\src\\app\\checkout"
2025-09-17T22:58:59.598704Z  INFO get_files:scan_sources: tailwindcss_oxide::scanner: Discovering "G:\\Brave Downloads\\SuperShop-main(rawan hossam)\\SuperShop-main\\src\\app\\checkout\\page.tsx"
2025-09-17T22:58:59.599137Z  INFO get_files:scan_sources: tailwindcss_oxide::scanner: Discovering "G:\\Brave Downloads\\SuperShop-main(rawan hossam)\\SuperShop-main\\src\\app\\context"
2025-09-17T22:58:59.599608Z  INFO get_files:scan_sources: tailwindcss_oxide::scanner: Discovering "G:\\Brave Downloads\\SuperShop-main(rawan hossam)\\SuperShop-main\\src\\app\\context\\AuthProvider.tsx"
2025-09-17T22:58:59.599795Z  INFO get_files:scan_sources: tailwindcss_oxide::scanner: Discovering "G:\\Brave Downloads\\SuperShop-main(rawan hossam)\\SuperShop-main\\src\\app\\context\\CartProvider.tsx"
2025-09-17T22:58:59.600234Z  INFO get_files:scan_sources: tailwindcss_oxide::scanner: Discovering "G:\\Brave Downloads\\SuperShop-main(rawan hossam)\\SuperShop-main\\src\\app\\context\\WishlistProvider.tsx"
2025-09-17T22:58:59.600524Z  INFO get_files:scan_sources: tailwindcss_oxide::scanner: Discovering "G:\\Brave Downloads\\SuperShop-main(rawan hossam)\\SuperShop-main\\src\\app\\globals.css"
2025-09-17T22:58:59.600743Z  INFO get_files:scan_sources: tailwindcss_oxide::scanner: Discovering "G:\\Brave Downloads\\SuperShop-main(rawan hossam)\\SuperShop-main\\src\\app\\layout.tsx"
2025-09-17T22:58:59.601255Z  INFO get_files:scan_sources: tailwindcss_oxide::scanner: Discovering "G:\\Brave Downloads\\SuperShop-main(rawan hossam)\\SuperShop-main\\src\\app\\loading.tsx"
2025-09-17T22:58:59.601567Z  INFO get_files:scan_sources: tailwindcss_oxide::scanner: Discovering "G:\\Brave Downloads\\SuperShop-main(rawan hossam)\\SuperShop-main\\src\\app\\not-found.tsx"
2025-09-17T22:58:59.601771Z  INFO get_files:scan_sources: tailwindcss_oxide::scanner: Discovering "G:\\Brave Downloads\\SuperShop-main(rawan hossam)\\SuperShop-main\\src\\app\\page.tsx"
2025-09-17T22:58:59.602297Z  INFO get_files:scan_sources: tailwindcss_oxide::scanner: Discovering "G:\\Brave Downloads\\SuperShop-main(rawan hossam)\\SuperShop-main\\src\\app\\products"
2025-09-17T22:58:59.602805Z  INFO get_files:scan_sources: tailwindcss_oxide::scanner: Discovering "G:\\Brave Downloads\\SuperShop-main(rawan hossam)\\SuperShop-main\\src\\app\\products\\loading.tsx"
2025-09-17T22:58:59.602976Z  INFO get_files:scan_sources: tailwindcss_oxide::scanner: Discovering "G:\\Brave Downloads\\SuperShop-main(rawan hossam)\\SuperShop-main\\src\\app\\products\\page.tsx"
2025-09-17T22:58:59.603531Z  INFO get_files:scan_sources: tailwindcss_oxide::scanner: Discovering "G:\\Brave Downloads\\SuperShop-main(rawan hossam)\\SuperShop-main\\src\\app\\products\\[id]"
2025-09-17T22:58:59.603862Z  INFO get_files:scan_sources: tailwindcss_oxide::scanner: Discovering "G:\\Brave Downloads\\SuperShop-main(rawan hossam)\\SuperShop-main\\src\\app\\products\\[id]\\page.tsx"
2025-09-17T22:58:59.604160Z  INFO get_files:scan_sources: tailwindcss_oxide::scanner: Discovering "G:\\Brave Downloads\\SuperShop-main(rawan hossam)\\SuperShop-main\\src\\app\\types"
2025-09-17T22:58:59.604462Z  INFO get_files:scan_sources: tailwindcss_oxide::scanner: Discovering "G:\\Brave Downloads\\SuperShop-main(rawan hossam)\\SuperShop-main\\src\\app\\types\\brands.model.ts"
2025-09-17T22:58:59.604603Z  INFO get_files:scan_sources: tailwindcss_oxide::scanner: Discovering "G:\\Brave Downloads\\SuperShop-main(rawan hossam)\\SuperShop-main\\src\\app\\types\\cart.model.ts"
2025-09-17T22:58:59.604735Z  INFO get_files:scan_sources: tailwindcss_oxide::scanner: Discovering "G:\\Brave Downloads\\SuperShop-main(rawan hossam)\\SuperShop-main\\src\\app\\types\\category.model.ts"
2025-09-17T22:58:59.604864Z  INFO get_files:scan_sources: tailwindcss_oxide::scanner: Discovering "G:\\Brave Downloads\\SuperShop-main(rawan hossam)\\SuperShop-main\\src\\app\\types\\forgetpassword.model.ts"
2025-09-17T22:58:59.605018Z  INFO get_files:scan_sources: tailwindcss_oxide::scanner: Discovering "G:\\Brave Downloads\\SuperShop-main(rawan hossam)\\SuperShop-main\\src\\app\\types\\productDetails.model.ts"
2025-09-17T22:58:59.605151Z  INFO get_files:scan_sources: tailwindcss_oxide::scanner: Discovering "G:\\Brave Downloads\\SuperShop-main(rawan hossam)\\SuperShop-main\\src\\app\\types\\products.model.ts"
2025-09-17T22:58:59.605283Z  INFO get_files:scan_sources: tailwindcss_oxide::scanner: Discovering "G:\\Brave Downloads\\SuperShop-main(rawan hossam)\\SuperShop-main\\src\\app\\types\\wishlist.model.ts"
2025-09-17T22:58:59.605537Z  INFO get_files:scan_sources: tailwindcss_oxide::scanner: Discovering "G:\\Brave Downloads\\SuperShop-main(rawan hossam)\\SuperShop-main\\src\\app\\wishlist"
2025-09-17T22:58:59.605841Z  INFO get_files:scan_sources: tailwindcss_oxide::scanner: Discovering "G:\\Brave Downloads\\SuperShop-main(rawan hossam)\\SuperShop-main\\src\\app\\wishlist\\page.tsx"
2025-09-17T22:58:59.606140Z  INFO get_files:scan_sources: tailwindcss_oxide::scanner: Discovering "G:\\Brave Downloads\\SuperShop-main(rawan hossam)\\SuperShop-main\\src\\components"
2025-09-17T22:58:59.606582Z  INFO get_files:scan_sources: tailwindcss_oxide::scanner: Discovering "G:\\Brave Downloads\\SuperShop-main(rawan hossam)\\SuperShop-main\\src\\components\\brands-comps"
2025-09-17T22:58:59.607025Z  INFO get_files:scan_sources: tailwindcss_oxide::scanner: Discovering "G:\\Brave Downloads\\SuperShop-main(rawan hossam)\\SuperShop-main\\src\\components\\brands-comps\\BrandCard.tsx"
2025-09-17T22:58:59.607208Z  INFO get_files:scan_sources: tailwindcss_oxide::scanner: Discovering "G:\\Brave Downloads\\SuperShop-main(rawan hossam)\\SuperShop-main\\src\\components\\brands-comps\\BrandGridSystem.tsx"
2025-09-17T22:58:59.607577Z  INFO get_files:scan_sources: tailwindcss_oxide::scanner: Discovering "G:\\Brave Downloads\\SuperShop-main(rawan hossam)\\SuperShop-main\\src\\components\\cart-comps"
2025-09-17T22:58:59.607995Z  INFO get_files:scan_sources: tailwindcss_oxide::scanner: Discovering "G:\\Brave Downloads\\SuperShop-main(rawan hossam)\\SuperShop-main\\src\\components\\cart-comps\\TableCart.tsx"
2025-09-17T22:58:59.608322Z  INFO get_files:scan_sources: tailwindcss_oxide::scanner: Discovering "G:\\Brave Downloads\\SuperShop-main(rawan hossam)\\SuperShop-main\\src\\components\\categories-comps"
2025-09-17T22:58:59.608644Z  INFO get_files:scan_sources: tailwindcss_oxide::scanner: Discovering "G:\\Brave Downloads\\SuperShop-main(rawan hossam)\\SuperShop-main\\src\\components\\categories-comps\\CategoriesCard.tsx"
2025-09-17T22:58:59.608782Z  INFO get_files:scan_sources: tailwindcss_oxide::scanner: Discovering "G:\\Brave Downloads\\SuperShop-main(rawan hossam)\\SuperShop-main\\src\\components\\categories-comps\\CategoriesGridSystem.tsx"
2025-09-17T22:58:59.609057Z  INFO get_files:scan_sources: tailwindcss_oxide::scanner: Discovering "G:\\Brave Downloads\\SuperShop-main(rawan hossam)\\SuperShop-main\\src\\components\\footer"
2025-09-17T22:58:59.609384Z  INFO get_files:scan_sources: tailwindcss_oxide::scanner: Discovering "G:\\Brave Downloads\\SuperShop-main(rawan hossam)\\SuperShop-main\\src\\components\\footer\\Footer.tsx"
2025-09-17T22:58:59.609648Z  INFO get_files:scan_sources: tailwindcss_oxide::scanner: Discovering "G:\\Brave Downloads\\SuperShop-main(rawan hossam)\\SuperShop-main\\src\\components\\nav-comps"
2025-09-17T22:58:59.609970Z  INFO get_files:scan_sources: tailwindcss_oxide::scanner: Discovering "G:\\Brave Downloads\\SuperShop-main(rawan hossam)\\SuperShop-main\\src\\components\\nav-comps\\Navbar.tsx"
2025-09-17T22:58:59.610228Z  INFO get_files:scan_sources: tailwindcss_oxide::scanner: Discovering "G:\\Brave Downloads\\SuperShop-main(rawan hossam)\\SuperShop-main\\src\\components\\products-comps"
2025-09-17T22:58:59.610536Z  INFO get_files:scan_sources: tailwindcss_oxide::scanner: Discovering "G:\\Brave Downloads\\SuperShop-main(rawan hossam)\\SuperShop-main\\src\\components\\products-comps\\ProductCard.tsx"
2025-09-17T22:58:59.610691Z  INFO get_files:scan_sources: tailwindcss_oxide::scanner: Discovering "G:\\Brave Downloads\\SuperShop-main(rawan hossam)\\SuperShop-main\\src\\components\\products-comps\\ProductDetailsComps.tsx"
2025-09-17T22:58:59.610846Z  INFO get_files:scan_sources: tailwindcss_oxide::scanner: Discovering "G:\\Brave Downloads\\SuperShop-main(rawan hossam)\\SuperShop-main\\src\\components\\products-comps\\ProductsGridSystem.tsx"
2025-09-17T22:58:59.611108Z  INFO get_files:scan_sources: tailwindcss_oxide::scanner: Discovering "G:\\Brave Downloads\\SuperShop-main(rawan hossam)\\SuperShop-main\\src\\components\\slider-comps"
2025-09-17T22:58:59.611400Z  INFO get_files:scan_sources: tailwindcss_oxide::scanner: Discovering "G:\\Brave Downloads\\SuperShop-main(rawan hossam)\\SuperShop-main\\src\\components\\slider-comps\\CategoriesSliderComps.tsx"
2025-09-17T22:58:59.611531Z  INFO get_files:scan_sources: tailwindcss_oxide::scanner: Discovering "G:\\Brave Downloads\\SuperShop-main(rawan hossam)\\SuperShop-main\\src\\components\\slider-comps\\MainSlider.tsx"
2025-09-17T22:58:59.611786Z  INFO get_files:scan_sources: tailwindcss_oxide::scanner: Discovering "G:\\Brave Downloads\\SuperShop-main(rawan hossam)\\SuperShop-main\\src\\components\\ui"
2025-09-17T22:58:59.612085Z  INFO get_files:scan_sources: tailwindcss_oxide::scanner: Discovering "G:\\Brave Downloads\\SuperShop-main(rawan hossam)\\SuperShop-main\\src\\components\\ui\\badge.tsx"
2025-09-17T22:58:59.612223Z  INFO get_files:scan_sources: tailwindcss_oxide::scanner: Discovering "G:\\Brave Downloads\\SuperShop-main(rawan hossam)\\SuperShop-main\\src\\components\\ui\\button.tsx"
2025-09-17T22:58:59.612361Z  INFO get_files:scan_sources: tailwindcss_oxide::scanner: Discovering "G:\\Brave Downloads\\SuperShop-main(rawan hossam)\\SuperShop-main\\src\\components\\ui\\card.tsx"
2025-09-17T22:58:59.612515Z  INFO get_files:scan_sources: tailwindcss_oxide::scanner: Discovering "G:\\Brave Downloads\\SuperShop-main(rawan hossam)\\SuperShop-main\\src\\components\\ui\\hover-card.tsx"
2025-09-17T22:58:59.612659Z  INFO get_files:scan_sources: tailwindcss_oxide::scanner: Discovering "G:\\Brave Downloads\\SuperShop-main(rawan hossam)\\SuperShop-main\\src\\components\\ui\\input-otp.tsx"
2025-09-17T22:58:59.612789Z  INFO get_files:scan_sources: tailwindcss_oxide::scanner: Discovering "G:\\Brave Downloads\\SuperShop-main(rawan hossam)\\SuperShop-main\\src\\components\\ui\\input.tsx"
2025-09-17T22:58:59.612931Z  INFO get_files:scan_sources: tailwindcss_oxide::scanner: Discovering "G:\\Brave Downloads\\SuperShop-main(rawan hossam)\\SuperShop-main\\src\\components\\ui\\label.tsx"
2025-09-17T22:58:59.613086Z  INFO get_files:scan_sources: tailwindcss_oxide::scanner: Discovering "G:\\Brave Downloads\\SuperShop-main(rawan hossam)\\SuperShop-main\\src\\components\\ui\\navigation-menu.tsx"
2025-09-17T22:58:59.613215Z  INFO get_files:scan_sources: tailwindcss_oxide::scanner: Discovering "G:\\Brave Downloads\\SuperShop-main(rawan hossam)\\SuperShop-main\\src\\components\\ui\\radio-group.tsx"
2025-09-17T22:58:59.613345Z  INFO get_files:scan_sources: tailwindcss_oxide::scanner: Discovering "G:\\Brave Downloads\\SuperShop-main(rawan hossam)\\SuperShop-main\\src\\components\\ui\\table.tsx"
2025-09-17T22:58:59.613628Z  INFO get_files:scan_sources: tailwindcss_oxide::scanner: Discovering "G:\\Brave Downloads\\SuperShop-main(rawan hossam)\\SuperShop-main\\src\\components\\wishlist-comps"
2025-09-17T22:58:59.613928Z  INFO get_files:scan_sources: tailwindcss_oxide::scanner: Discovering "G:\\Brave Downloads\\SuperShop-main(rawan hossam)\\SuperShop-main\\src\\components\\wishlist-comps\\TableWishlist.tsx"
2025-09-17T22:58:59.614067Z  INFO get_files:scan_sources: tailwindcss_oxide::scanner: Discovering "G:\\Brave Downloads\\SuperShop-main(rawan hossam)\\SuperShop-main\\src\\components\\wishlist-comps\\WishlistCard.tsx"
2025-09-17T22:58:59.614341Z  INFO get_files:scan_sources: tailwindcss_oxide::scanner: Discovering "G:\\Brave Downloads\\SuperShop-main(rawan hossam)\\SuperShop-main\\src\\lib"
2025-09-17T22:58:59.614630Z  INFO get_files:scan_sources: tailwindcss_oxide::scanner: Discovering "G:\\Brave Downloads\\SuperShop-main(rawan hossam)\\SuperShop-main\\src\\lib\\tokenutils.ts"
2025-09-17T22:58:59.614770Z  INFO get_files:scan_sources: tailwindcss_oxide::scanner: Discovering "G:\\Brave Downloads\\SuperShop-main(rawan hossam)\\SuperShop-main\\src\\lib\\utils.ts"
2025-09-17T22:58:59.614932Z  INFO get_files:scan_sources: tailwindcss_oxide::scanner: Discovering "G:\\Brave Downloads\\SuperShop-main(rawan hossam)\\SuperShop-main\\src\\middleware.ts"
2025-09-17T22:58:59.615107Z  INFO get_files:scan_sources: tailwindcss_oxide::scanner: Discovering "G:\\Brave Downloads\\SuperShop-main(rawan hossam)\\SuperShop-main\\tsconfig.json"
2025-09-17T22:58:59.615281Z  INFO get_files:scan_sources: tailwindcss_oxide::scanner: exit
2025-09-17T22:58:59.615423Z  INFO get_files: tailwindcss_oxide::scanner: exit
2025-09-17T22:58:59.615520Z  INFO get_globs: tailwindcss_oxide::scanner: enter
2025-09-17T22:58:59.615527Z  INFO get_globs:scan_sources: tailwindcss_oxide::scanner: enter
2025-09-17T22:58:59.618456Z  INFO get_globs:scan_sources: tailwindcss_oxide::scanner: Discovering "G:\\Brave Downloads\\SuperShop-main(rawan hossam)\\SuperShop-main\\.vscode"
2025-09-17T22:58:59.619692Z  INFO get_globs:scan_sources: tailwindcss_oxide::scanner: Discovering "G:\\Brave Downloads\\SuperShop-main(rawan hossam)\\SuperShop-main\\public"
2025-09-17T22:58:59.620375Z  INFO get_globs:scan_sources: tailwindcss_oxide::scanner: Discovering "G:\\Brave Downloads\\SuperShop-main(rawan hossam)\\SuperShop-main\\public\\slider"
2025-09-17T22:58:59.621114Z  INFO get_globs:scan_sources: tailwindcss_oxide::scanner: Discovering "G:\\Brave Downloads\\SuperShop-main(rawan hossam)\\SuperShop-main\\src"
2025-09-17T22:58:59.621515Z  INFO get_globs:scan_sources: tailwindcss_oxide::scanner: Discovering "G:\\Brave Downloads\\SuperShop-main(rawan hossam)\\SuperShop-main\\src\\app"
2025-09-17T22:58:59.621918Z  INFO get_globs:scan_sources: tailwindcss_oxide::scanner: Discovering "G:\\Brave Downloads\\SuperShop-main(rawan hossam)\\SuperShop-main\\src\\app\\(auth)"
2025-09-17T22:58:59.622609Z  INFO get_globs:scan_sources: tailwindcss_oxide::scanner: Discovering "G:\\Brave Downloads\\SuperShop-main(rawan hossam)\\SuperShop-main\\src\\app\\(auth)\\forgetpassword"
2025-09-17T22:58:59.623238Z  INFO get_globs:scan_sources: tailwindcss_oxide::scanner: Discovering "G:\\Brave Downloads\\SuperShop-main(rawan hossam)\\SuperShop-main\\src\\app\\(auth)\\register"
2025-09-17T22:58:59.623744Z  INFO get_globs:scan_sources: tailwindcss_oxide::scanner: Discovering "G:\\Brave Downloads\\SuperShop-main(rawan hossam)\\SuperShop-main\\src\\app\\(auth)\\resetcode"
2025-09-17T22:58:59.624427Z  INFO get_globs:scan_sources: tailwindcss_oxide::scanner: Discovering "G:\\Brave Downloads\\SuperShop-main(rawan hossam)\\SuperShop-main\\src\\app\\(auth)\\resetpassword"
2025-09-17T22:58:59.624967Z  INFO get_globs:scan_sources: tailwindcss_oxide::scanner: Discovering "G:\\Brave Downloads\\SuperShop-main(rawan hossam)\\SuperShop-main\\src\\app\\(auth)\\signin"
2025-09-17T22:58:59.625831Z  INFO get_globs:scan_sources: tailwindcss_oxide::scanner: Discovering "G:\\Brave Downloads\\SuperShop-main(rawan hossam)\\SuperShop-main\\src\\app\\actions"
2025-09-17T22:58:59.626738Z  INFO get_globs:scan_sources: tailwindcss_oxide::scanner: Discovering "G:\\Brave Downloads\\SuperShop-main(rawan hossam)\\SuperShop-main\\src\\app\\allorders"
2025-09-17T22:58:59.627240Z  INFO get_globs:scan_sources: tailwindcss_oxide::scanner: Discovering "G:\\Brave Downloads\\SuperShop-main(rawan hossam)\\SuperShop-main\\src\\app\\api"
2025-09-17T22:58:59.627637Z  INFO get_globs:scan_sources: tailwindcss_oxide::scanner: Discovering "G:\\Brave Downloads\\SuperShop-main(rawan hossam)\\SuperShop-main\\src\\app\\api\\auth"
2025-09-17T22:58:59.628030Z  INFO get_globs:scan_sources: tailwindcss_oxide::scanner: Discovering "G:\\Brave Downloads\\SuperShop-main(rawan hossam)\\SuperShop-main\\src\\app\\api\\auth\\[...nextauth]"
2025-09-17T22:58:59.628644Z  INFO get_globs:scan_sources: tailwindcss_oxide::scanner: Discovering "G:\\Brave Downloads\\SuperShop-main(rawan hossam)\\SuperShop-main\\src\\app\\brands"
2025-09-17T22:58:59.629131Z  INFO get_globs:scan_sources: tailwindcss_oxide::scanner: Discovering "G:\\Brave Downloads\\SuperShop-main(rawan hossam)\\SuperShop-main\\src\\app\\cart"
2025-09-17T22:58:59.629627Z  INFO get_globs:scan_sources: tailwindcss_oxide::scanner: Discovering "G:\\Brave Downloads\\SuperShop-main(rawan hossam)\\SuperShop-main\\src\\app\\categories"
2025-09-17T22:58:59.630082Z  INFO get_globs:scan_sources: tailwindcss_oxide::scanner: Discovering "G:\\Brave Downloads\\SuperShop-main(rawan hossam)\\SuperShop-main\\src\\app\\categories\\[id]"
2025-09-17T22:58:59.630592Z  INFO get_globs:scan_sources: tailwindcss_oxide::scanner: Discovering "G:\\Brave Downloads\\SuperShop-main(rawan hossam)\\SuperShop-main\\src\\app\\checkout"
2025-09-17T22:58:59.631124Z  INFO get_globs:scan_sources: tailwindcss_oxide::scanner: Discovering "G:\\Brave Downloads\\SuperShop-main(rawan hossam)\\SuperShop-main\\src\\app\\context"
2025-09-17T22:58:59.632135Z  INFO get_globs:scan_sources: tailwindcss_oxide::scanner: Discovering "G:\\Brave Downloads\\SuperShop-main(rawan hossam)\\SuperShop-main\\src\\app\\products"
2025-09-17T22:58:59.632652Z  INFO get_globs:scan_sources: tailwindcss_oxide::scanner: Discovering "G:\\Brave Downloads\\SuperShop-main(rawan hossam)\\SuperShop-main\\src\\app\\products\\[id]"
2025-09-17T22:58:59.633155Z  INFO get_globs:scan_sources: tailwindcss_oxide::scanner: Discovering "G:\\Brave Downloads\\SuperShop-main(rawan hossam)\\SuperShop-main\\src\\app\\types"
2025-09-17T22:58:59.634050Z  INFO get_globs:scan_sources: tailwindcss_oxide::scanner: Discovering "G:\\Brave Downloads\\SuperShop-main(rawan hossam)\\SuperShop-main\\src\\app\\wishlist"
2025-09-17T22:58:59.634544Z  INFO get_globs:scan_sources: tailwindcss_oxide::scanner: Discovering "G:\\Brave Downloads\\SuperShop-main(rawan hossam)\\SuperShop-main\\src\\components"
2025-09-17T22:58:59.634949Z  INFO get_globs:scan_sources: tailwindcss_oxide::scanner: Discovering "G:\\Brave Downloads\\SuperShop-main(rawan hossam)\\SuperShop-main\\src\\components\\brands-comps"
2025-09-17T22:58:59.635568Z  INFO get_globs:scan_sources: tailwindcss_oxide::scanner: Discovering "G:\\Brave Downloads\\SuperShop-main(rawan hossam)\\SuperShop-main\\src\\components\\cart-comps"
2025-09-17T22:58:59.636047Z  INFO get_globs:scan_sources: tailwindcss_oxide::scanner: Discovering "G:\\Brave Downloads\\SuperShop-main(rawan hossam)\\SuperShop-main\\src\\components\\categories-comps"
2025-09-17T22:58:59.636620Z  INFO get_globs:scan_sources: tailwindcss_oxide::scanner: Discovering "G:\\Brave Downloads\\SuperShop-main(rawan hossam)\\SuperShop-main\\src\\components\\footer"
2025-09-17T22:58:59.637163Z  INFO get_globs:scan_sources: tailwindcss_oxide::scanner: Discovering "G:\\Brave Downloads\\SuperShop-main(rawan hossam)\\SuperShop-main\\src\\components\\nav-comps"
2025-09-17T22:58:59.637808Z  INFO get_globs:scan_sources: tailwindcss_oxide::scanner: Discovering "G:\\Brave Downloads\\SuperShop-main(rawan hossam)\\SuperShop-main\\src\\components\\products-comps"
2025-09-17T22:58:59.638432Z  INFO get_globs:scan_sources: tailwindcss_oxide::scanner: Discovering "G:\\Brave Downloads\\SuperShop-main(rawan hossam)\\SuperShop-main\\src\\components\\slider-comps"
2025-09-17T22:58:59.638989Z  INFO get_globs:scan_sources: tailwindcss_oxide::scanner: Discovering "G:\\Brave Downloads\\SuperShop-main(rawan hossam)\\SuperShop-main\\src\\components\\ui"
2025-09-17T22:58:59.640068Z  INFO get_globs:scan_sources: tailwindcss_oxide::scanner: Discovering "G:\\Brave Downloads\\SuperShop-main(rawan hossam)\\SuperShop-main\\src\\components\\wishlist-comps"
2025-09-17T22:58:59.640640Z  INFO get_globs:scan_sources: tailwindcss_oxide::scanner: Discovering "G:\\Brave Downloads\\SuperShop-main(rawan hossam)\\SuperShop-main\\src\\lib"
2025-09-17T22:58:59.641309Z  INFO get_globs:scan_sources: tailwindcss_oxide::scanner: exit
2025-09-17T22:58:59.657214Z  INFO get_globs: tailwindcss_oxide::scanner: exit
